  array_list_utility_tests.cpp
C:\Users\jaw06\Desktop\DS Assignments\Lab4\ssuds\include\array_list_utility.h(120,34): warning C4244: 'argument': conversion from 'double' to 'const T', possible loss of data
C:\Users\jaw06\Desktop\DS Assignments\Lab4\ssuds\include\array_list_utility.h(120,34): warning C4244:         with
C:\Users\jaw06\Desktop\DS Assignments\Lab4\ssuds\include\array_list_utility.h(120,34): warning C4244:         [
C:\Users\jaw06\Desktop\DS Assignments\Lab4\ssuds\include\array_list_utility.h(120,34): warning C4244:             T=float
C:\Users\jaw06\Desktop\DS Assignments\Lab4\ssuds\include\array_list_utility.h(120,34): warning C4244:         ]
  (compiling source file '../../src/array_list_utility_tests.cpp')
  
C:\Users\jaw06\Desktop\DS Assignments\Lab4\ssuds\src\array_list_utility_tests.cpp(28,23): warning C4018: '<': signed/unsigned mismatch
C:\Users\jaw06\Desktop\DS Assignments\Lab4\ssuds\src\array_list_utility_tests.cpp(49,9): warning C4267: 'argument': conversion from 'size_t' to 'unsigned int', possible loss of data
C:\Users\jaw06\Desktop\DS Assignments\Lab4\ssuds\src\array_list_utility_tests.cpp(69,9): warning C4267: 'argument': conversion from 'size_t' to 'unsigned int', possible loss of data
C:\Users\jaw06\Desktop\DS Assignments\Lab4\ssuds\include\array_list_utility.h(142,31): warning C4018: '<': signed/unsigned mismatch
  (compiling source file '../../src/array_list_utility_tests.cpp')
  C:\Users\jaw06\Desktop\DS Assignments\Lab4\ssuds\include\array_list_utility.h(142,31):
  the template instantiation context (the oldest one first) is
  	C:\Users\jaw06\Desktop\DS Assignments\Lab4\ssuds\src\array_list_utility_tests.cpp(66,30):
  	see reference to function template instantiation 'void ssuds::ArrayListUtility::insertion_sort<int>(ssuds::ArrayList<int> &,ssuds::sortOrder)' being compiled
  
  ssuds.cpp
C:\Users\jaw06\Desktop\DS Assignments\Lab4\ssuds\include\array_list_utility.h(120,34): warning C4244: 'argument': conversion from 'double' to 'const T', possible loss of data
C:\Users\jaw06\Desktop\DS Assignments\Lab4\ssuds\include\array_list_utility.h(120,34): warning C4244:         with
C:\Users\jaw06\Desktop\DS Assignments\Lab4\ssuds\include\array_list_utility.h(120,34): warning C4244:         [
C:\Users\jaw06\Desktop\DS Assignments\Lab4\ssuds\include\array_list_utility.h(120,34): warning C4244:             T=float
C:\Users\jaw06\Desktop\DS Assignments\Lab4\ssuds\include\array_list_utility.h(120,34): warning C4244:         ]
  (compiling source file '../../src/ssuds.cpp')
  
  Generating Code...
  ssuds.vcxproj -> C:\Users\jaw06\Desktop\DS Assignments\Lab4\ssuds\bin\vs2022\Debug\ssuds_d.exe
